::1 - - [12/May/2022:00:44:11 +0000] "GET / HTTP/1.1" 200 - "-" "Mozilla/5.0 (Windows NT 10.0; Win64; x64) AppleWebKit/537.36 (KHTML, like Gecko) Chrome/101.0.4951.54 Safari/537.36"
::1 - - [12/May/2022:00:44:11 +0000] "GET /css/common.css HTTP/1.1" 200 178 "http://localhost:9000/" "Mozilla/5.0 (Windows NT 10.0; Win64; x64) AppleWebKit/537.36 (KHTML, like Gecko) Chrome/101.0.4951.54 Safari/537.36"
::1 - - [12/May/2022:00:44:11 +0000] "GET /favicon.ico HTTP/1.1" 404 150 "http://localhost:9000/" "Mozilla/5.0 (Windows NT 10.0; Win64; x64) AppleWebKit/537.36 (KHTML, like Gecko) Chrome/101.0.4951.54 Safari/537.36"
::1 - - [12/May/2022:00:44:22 +0000] "GET /item/insert HTTP/1.1" 200 - "-" "Mozilla/5.0 (Windows NT 10.0; Win64; x64) AppleWebKit/537.36 (KHTML, like Gecko) Chrome/101.0.4951.54 Safari/537.36"
::1 - - [12/May/2022:00:47:40 +0000] "GET /item/insert HTTP/1.1" 200 - "-" "Mozilla/5.0 (Windows NT 10.0; Win64; x64) AppleWebKit/537.36 (KHTML, like Gecko) Chrome/101.0.4951.54 Safari/537.36"
::1 - - [12/May/2022:00:56:21 +0000] "GET /item/insert HTTP/1.1" 200 - "-" "Mozilla/5.0 (Windows NT 10.0; Win64; x64) AppleWebKit/537.36 (KHTML, like Gecko) Chrome/101.0.4951.54 Safari/537.36"
::1 - - [12/May/2022:00:56:25 +0000] "GET / HTTP/1.1" 200 - "-" "Mozilla/5.0 (Windows NT 10.0; Win64; x64) AppleWebKit/537.36 (KHTML, like Gecko) Chrome/101.0.4951.54 Safari/537.36"
::1 - - [12/May/2022:00:56:25 +0000] "GET /css/common.css HTTP/1.1" 304 - "http://localhost:9000/" "Mozilla/5.0 (Windows NT 10.0; Win64; x64) AppleWebKit/537.36 (KHTML, like Gecko) Chrome/101.0.4951.54 Safari/537.36"
::1 - - [12/May/2022:00:56:42 +0000] "GET / HTTP/1.1" 200 - "-" "Mozilla/5.0 (Windows NT 10.0; Win64; x64) AppleWebKit/537.36 (KHTML, like Gecko) Chrome/101.0.4951.54 Safari/537.36"
::1 - - [12/May/2022:00:56:42 +0000] "GET /css/common.css HTTP/1.1" 304 - "http://localhost:9000/" "Mozilla/5.0 (Windows NT 10.0; Win64; x64) AppleWebKit/537.36 (KHTML, like Gecko) Chrome/101.0.4951.54 Safari/537.36"
::1 - - [12/May/2022:00:56:47 +0000] "GET /css/common.css HTTP/1.1" 304 - "http://localhost:9000/" "Mozilla/5.0 (Windows NT 10.0; Win64; x64) AppleWebKit/537.36 (KHTML, like Gecko) Chrome/101.0.4951.54 Safari/537.36"
::1 - - [12/May/2022:00:58:07 +0000] "GET / HTTP/1.1" 200 - "-" "Mozilla/5.0 (Windows NT 10.0; Win64; x64) AppleWebKit/537.36 (KHTML, like Gecko) Chrome/101.0.4951.54 Safari/537.36"
::1 - - [12/May/2022:00:58:07 +0000] "GET /css/common.css HTTP/1.1" 200 178 "http://localhost:9000/" "Mozilla/5.0 (Windows NT 10.0; Win64; x64) AppleWebKit/537.36 (KHTML, like Gecko) Chrome/101.0.4951.54 Safari/537.36"
::1 - - [12/May/2022:00:58:08 +0000] "GET /item/insert HTTP/1.1" 200 - "http://localhost:9000/" "Mozilla/5.0 (Windows NT 10.0; Win64; x64) AppleWebKit/537.36 (KHTML, like Gecko) Chrome/101.0.4951.54 Safari/537.36"
::1 - - [12/May/2022:02:21:02 +0000] "GET / HTTP/1.1" 200 - "-" "Mozilla/5.0 (Windows NT 10.0; Win64; x64) AppleWebKit/537.36 (KHTML, like Gecko) Chrome/101.0.4951.54 Safari/537.36"
::1 - - [12/May/2022:02:21:02 +0000] "GET /css/common.css HTTP/1.1" 200 178 "http://localhost:9000/" "Mozilla/5.0 (Windows NT 10.0; Win64; x64) AppleWebKit/537.36 (KHTML, like Gecko) Chrome/101.0.4951.54 Safari/537.36"
::1 - - [12/May/2022:02:21:02 +0000] "GET /favicon.ico HTTP/1.1" 404 150 "http://localhost:9000/" "Mozilla/5.0 (Windows NT 10.0; Win64; x64) AppleWebKit/537.36 (KHTML, like Gecko) Chrome/101.0.4951.54 Safari/537.36"
::1 - - [12/May/2022:02:21:05 +0000] "GET /item/insert HTTP/1.1" 200 - "http://localhost:9000/" "Mozilla/5.0 (Windows NT 10.0; Win64; x64) AppleWebKit/537.36 (KHTML, like Gecko) Chrome/101.0.4951.54 Safari/537.36"
::1 - - [12/May/2022:02:21:19 +0000] "GET /css/common.css HTTP/1.1" 304 - "http://localhost:9000/" "Mozilla/5.0 (Windows NT 10.0; Win64; x64) AppleWebKit/537.36 (KHTML, like Gecko) Chrome/101.0.4951.54 Safari/537.36"
::1 - - [12/May/2022:02:23:04 +0000] "GET / HTTP/1.1" 200 - "-" "Mozilla/5.0 (Windows NT 10.0; Win64; x64) AppleWebKit/537.36 (KHTML, like Gecko) Chrome/101.0.4951.54 Safari/537.36"
::1 - - [12/May/2022:02:23:04 +0000] "GET /css/common.css HTTP/1.1" 200 178 "http://localhost:9000/" "Mozilla/5.0 (Windows NT 10.0; Win64; x64) AppleWebKit/537.36 (KHTML, like Gecko) Chrome/101.0.4951.54 Safari/537.36"
::1 - - [12/May/2022:02:23:07 +0000] "GET /item/insert HTTP/1.1" 200 - "http://localhost:9000/" "Mozilla/5.0 (Windows NT 10.0; Win64; x64) AppleWebKit/537.36 (KHTML, like Gecko) Chrome/101.0.4951.54 Safari/537.36"
::1 - - [12/May/2022:02:28:53 +0000] "GET / HTTP/1.1" 200 - "-" "Mozilla/5.0 (Windows NT 10.0; Win64; x64) AppleWebKit/537.36 (KHTML, like Gecko) Chrome/101.0.4951.54 Safari/537.36"
::1 - - [12/May/2022:02:28:53 +0000] "GET /css/common.css HTTP/1.1" 200 178 "http://localhost:9000/" "Mozilla/5.0 (Windows NT 10.0; Win64; x64) AppleWebKit/537.36 (KHTML, like Gecko) Chrome/101.0.4951.54 Safari/537.36"
::1 - - [12/May/2022:02:28:54 +0000] "GET /item/insert HTTP/1.1" 200 - "http://localhost:9000/" "Mozilla/5.0 (Windows NT 10.0; Win64; x64) AppleWebKit/537.36 (KHTML, like Gecko) Chrome/101.0.4951.54 Safari/537.36"
::1 - - [12/May/2022:02:30:25 +0000] "GET /item/insert HTTP/1.1" 200 - "http://localhost:9000/" "Mozilla/5.0 (Windows NT 10.0; Win64; x64) AppleWebKit/537.36 (KHTML, like Gecko) Chrome/101.0.4951.54 Safari/537.36"
::1 - - [12/May/2022:02:30:26 +0000] "GET /item/insert HTTP/1.1" 200 - "http://localhost:9000/" "Mozilla/5.0 (Windows NT 10.0; Win64; x64) AppleWebKit/537.36 (KHTML, like Gecko) Chrome/101.0.4951.54 Safari/537.36"
::1 - - [12/May/2022:02:30:27 +0000] "GET / HTTP/1.1" 200 - "-" "Mozilla/5.0 (Windows NT 10.0; Win64; x64) AppleWebKit/537.36 (KHTML, like Gecko) Chrome/101.0.4951.54 Safari/537.36"
::1 - - [12/May/2022:02:30:27 +0000] "GET /css/common.css HTTP/1.1" 200 178 "http://localhost:9000/" "Mozilla/5.0 (Windows NT 10.0; Win64; x64) AppleWebKit/537.36 (KHTML, like Gecko) Chrome/101.0.4951.54 Safari/537.36"
::1 - - [12/May/2022:02:30:27 +0000] "GET / HTTP/1.1" 200 - "-" "Mozilla/5.0 (Windows NT 10.0; Win64; x64) AppleWebKit/537.36 (KHTML, like Gecko) Chrome/101.0.4951.54 Safari/537.36"
::1 - - [12/May/2022:02:30:27 +0000] "GET /css/common.css HTTP/1.1" 200 178 "http://localhost:9000/" "Mozilla/5.0 (Windows NT 10.0; Win64; x64) AppleWebKit/537.36 (KHTML, like Gecko) Chrome/101.0.4951.54 Safari/537.36"
::1 - - [12/May/2022:02:30:27 +0000] "GET / HTTP/1.1" 200 - "-" "Mozilla/5.0 (Windows NT 10.0; Win64; x64) AppleWebKit/537.36 (KHTML, like Gecko) Chrome/101.0.4951.54 Safari/537.36"
::1 - - [12/May/2022:02:30:27 +0000] "GET /css/common.css HTTP/1.1" 200 178 "http://localhost:9000/" "Mozilla/5.0 (Windows NT 10.0; Win64; x64) AppleWebKit/537.36 (KHTML, like Gecko) Chrome/101.0.4951.54 Safari/537.36"
::1 - - [12/May/2022:02:30:28 +0000] "GET / HTTP/1.1" 200 - "-" "Mozilla/5.0 (Windows NT 10.0; Win64; x64) AppleWebKit/537.36 (KHTML, like Gecko) Chrome/101.0.4951.54 Safari/537.36"
::1 - - [12/May/2022:02:30:28 +0000] "GET /css/common.css HTTP/1.1" 200 178 "http://localhost:9000/" "Mozilla/5.0 (Windows NT 10.0; Win64; x64) AppleWebKit/537.36 (KHTML, like Gecko) Chrome/101.0.4951.54 Safari/537.36"
::1 - - [12/May/2022:02:30:29 +0000] "GET /item/insert HTTP/1.1" 200 - "http://localhost:9000/" "Mozilla/5.0 (Windows NT 10.0; Win64; x64) AppleWebKit/537.36 (KHTML, like Gecko) Chrome/101.0.4951.54 Safari/537.36"
::1 - - [12/May/2022:02:32:38 +0000] "GET / HTTP/1.1" 200 - "-" "Mozilla/5.0 (Windows NT 10.0; Win64; x64) AppleWebKit/537.36 (KHTML, like Gecko) Chrome/101.0.4951.54 Safari/537.36"
::1 - - [12/May/2022:02:32:38 +0000] "GET /css/common.css HTTP/1.1" 200 178 "http://localhost:9000/" "Mozilla/5.0 (Windows NT 10.0; Win64; x64) AppleWebKit/537.36 (KHTML, like Gecko) Chrome/101.0.4951.54 Safari/537.36"
::1 - - [12/May/2022:02:32:39 +0000] "GET / HTTP/1.1" 200 - "-" "Mozilla/5.0 (Windows NT 10.0; Win64; x64) AppleWebKit/537.36 (KHTML, like Gecko) Chrome/101.0.4951.54 Safari/537.36"
::1 - - [12/May/2022:02:32:39 +0000] "GET /css/common.css HTTP/1.1" 200 178 "http://localhost:9000/" "Mozilla/5.0 (Windows NT 10.0; Win64; x64) AppleWebKit/537.36 (KHTML, like Gecko) Chrome/101.0.4951.54 Safari/537.36"
::1 - - [12/May/2022:02:32:40 +0000] "GET / HTTP/1.1" 200 - "-" "Mozilla/5.0 (Windows NT 10.0; Win64; x64) AppleWebKit/537.36 (KHTML, like Gecko) Chrome/101.0.4951.54 Safari/537.36"
::1 - - [12/May/2022:02:32:40 +0000] "GET /css/common.css HTTP/1.1" 200 178 "http://localhost:9000/" "Mozilla/5.0 (Windows NT 10.0; Win64; x64) AppleWebKit/537.36 (KHTML, like Gecko) Chrome/101.0.4951.54 Safari/537.36"
::1 - - [12/May/2022:02:32:41 +0000] "GET /item/insert HTTP/1.1" 200 - "http://localhost:9000/" "Mozilla/5.0 (Windows NT 10.0; Win64; x64) AppleWebKit/537.36 (KHTML, like Gecko) Chrome/101.0.4951.54 Safari/537.36"
::1 - - [12/May/2022:02:35:04 +0000] "GET / HTTP/1.1" 200 - "-" "Mozilla/5.0 (Windows NT 10.0; Win64; x64) AppleWebKit/537.36 (KHTML, like Gecko) Chrome/101.0.4951.54 Safari/537.36"
::1 - - [12/May/2022:02:35:04 +0000] "GET /css/common.css HTTP/1.1" 200 178 "http://localhost:9000/" "Mozilla/5.0 (Windows NT 10.0; Win64; x64) AppleWebKit/537.36 (KHTML, like Gecko) Chrome/101.0.4951.54 Safari/537.36"
::1 - - [12/May/2022:02:35:05 +0000] "GET /item/insert HTTP/1.1" 200 - "http://localhost:9000/" "Mozilla/5.0 (Windows NT 10.0; Win64; x64) AppleWebKit/537.36 (KHTML, like Gecko) Chrome/101.0.4951.54 Safari/537.36"
::1 - - [12/May/2022:02:35:36 +0000] "GET / HTTP/1.1" 200 - "-" "Mozilla/5.0 (Windows NT 10.0; Win64; x64) AppleWebKit/537.36 (KHTML, like Gecko) Chrome/101.0.4951.54 Safari/537.36"
::1 - - [12/May/2022:02:35:36 +0000] "GET /css/common.css HTTP/1.1" 200 178 "http://localhost:9000/" "Mozilla/5.0 (Windows NT 10.0; Win64; x64) AppleWebKit/537.36 (KHTML, like Gecko) Chrome/101.0.4951.54 Safari/537.36"
::1 - - [12/May/2022:02:35:37 +0000] "GET /item/insert HTTP/1.1" 200 - "http://localhost:9000/" "Mozilla/5.0 (Windows NT 10.0; Win64; x64) AppleWebKit/537.36 (KHTML, like Gecko) Chrome/101.0.4951.54 Safari/537.36"
::1 - - [12/May/2022:02:37:47 +0000] "GET / HTTP/1.1" 200 - "-" "Mozilla/5.0 (Windows NT 10.0; Win64; x64) AppleWebKit/537.36 (KHTML, like Gecko) Chrome/101.0.4951.54 Safari/537.36"
::1 - - [12/May/2022:02:37:47 +0000] "GET /css/common.css HTTP/1.1" 200 178 "http://localhost:9000/" "Mozilla/5.0 (Windows NT 10.0; Win64; x64) AppleWebKit/537.36 (KHTML, like Gecko) Chrome/101.0.4951.54 Safari/537.36"
::1 - - [12/May/2022:02:39:37 +0000] "GET / HTTP/1.1" 200 - "-" "Mozilla/5.0 (Windows NT 10.0; Win64; x64) AppleWebKit/537.36 (KHTML, like Gecko) Chrome/101.0.4951.54 Safari/537.36"
::1 - - [12/May/2022:02:39:37 +0000] "GET /css/common.css HTTP/1.1" 200 178 "http://localhost:9000/" "Mozilla/5.0 (Windows NT 10.0; Win64; x64) AppleWebKit/537.36 (KHTML, like Gecko) Chrome/101.0.4951.54 Safari/537.36"
::1 - - [12/May/2022:02:39:37 +0000] "GET /item/insert HTTP/1.1" 200 - "http://localhost:9000/" "Mozilla/5.0 (Windows NT 10.0; Win64; x64) AppleWebKit/537.36 (KHTML, like Gecko) Chrome/101.0.4951.54 Safari/537.36"
::1 - - [12/May/2022:02:44:07 +0000] "GET / HTTP/1.1" 200 - "-" "Mozilla/5.0 (Windows NT 10.0; Win64; x64) AppleWebKit/537.36 (KHTML, like Gecko) Chrome/101.0.4951.54 Safari/537.36"
::1 - - [12/May/2022:02:44:07 +0000] "GET /css/common.css HTTP/1.1" 200 178 "http://localhost:9000/" "Mozilla/5.0 (Windows NT 10.0; Win64; x64) AppleWebKit/537.36 (KHTML, like Gecko) Chrome/101.0.4951.54 Safari/537.36"
::1 - - [12/May/2022:02:44:08 +0000] "GET / HTTP/1.1" 200 - "-" "Mozilla/5.0 (Windows NT 10.0; Win64; x64) AppleWebKit/537.36 (KHTML, like Gecko) Chrome/101.0.4951.54 Safari/537.36"
::1 - - [12/May/2022:02:44:08 +0000] "GET /css/common.css HTTP/1.1" 200 178 "http://localhost:9000/" "Mozilla/5.0 (Windows NT 10.0; Win64; x64) AppleWebKit/537.36 (KHTML, like Gecko) Chrome/101.0.4951.54 Safari/537.36"
::1 - - [12/May/2022:02:44:08 +0000] "GET /item/insert HTTP/1.1" 200 - "http://localhost:9000/" "Mozilla/5.0 (Windows NT 10.0; Win64; x64) AppleWebKit/537.36 (KHTML, like Gecko) Chrome/101.0.4951.54 Safari/537.36"
::1 - - [12/May/2022:02:44:11 +0000] "GET / HTTP/1.1" 200 - "-" "Mozilla/5.0 (Windows NT 10.0; Win64; x64) AppleWebKit/537.36 (KHTML, like Gecko) Chrome/101.0.4951.54 Safari/537.36"
::1 - - [12/May/2022:02:44:11 +0000] "GET /css/common.css HTTP/1.1" 200 178 "http://localhost:9000/" "Mozilla/5.0 (Windows NT 10.0; Win64; x64) AppleWebKit/537.36 (KHTML, like Gecko) Chrome/101.0.4951.54 Safari/537.36"
::1 - - [12/May/2022:02:44:12 +0000] "GET /item/insert HTTP/1.1" 200 - "http://localhost:9000/" "Mozilla/5.0 (Windows NT 10.0; Win64; x64) AppleWebKit/537.36 (KHTML, like Gecko) Chrome/101.0.4951.54 Safari/537.36"
::1 - - [12/May/2022:02:54:00 +0000] "GET /item/insert HTTP/1.1" 200 - "http://localhost:9000/" "Mozilla/5.0 (Windows NT 10.0; Win64; x64) AppleWebKit/537.36 (KHTML, like Gecko) Chrome/101.0.4951.54 Safari/537.36"
::1 - - [12/May/2022:02:54:01 +0000] "GET / HTTP/1.1" 200 - "-" "Mozilla/5.0 (Windows NT 10.0; Win64; x64) AppleWebKit/537.36 (KHTML, like Gecko) Chrome/101.0.4951.54 Safari/537.36"
::1 - - [12/May/2022:02:54:01 +0000] "GET /css/common.css HTTP/1.1" 200 178 "http://localhost:9000/" "Mozilla/5.0 (Windows NT 10.0; Win64; x64) AppleWebKit/537.36 (KHTML, like Gecko) Chrome/101.0.4951.54 Safari/537.36"
::1 - - [12/May/2022:02:54:02 +0000] "GET / HTTP/1.1" 200 - "-" "Mozilla/5.0 (Windows NT 10.0; Win64; x64) AppleWebKit/537.36 (KHTML, like Gecko) Chrome/101.0.4951.54 Safari/537.36"
::1 - - [12/May/2022:02:54:02 +0000] "GET /css/common.css HTTP/1.1" 200 178 "http://localhost:9000/" "Mozilla/5.0 (Windows NT 10.0; Win64; x64) AppleWebKit/537.36 (KHTML, like Gecko) Chrome/101.0.4951.54 Safari/537.36"
::1 - - [12/May/2022:02:54:02 +0000] "GET / HTTP/1.1" 200 - "-" "Mozilla/5.0 (Windows NT 10.0; Win64; x64) AppleWebKit/537.36 (KHTML, like Gecko) Chrome/101.0.4951.54 Safari/537.36"
::1 - - [12/May/2022:02:54:02 +0000] "GET /css/common.css HTTP/1.1" 200 178 "http://localhost:9000/" "Mozilla/5.0 (Windows NT 10.0; Win64; x64) AppleWebKit/537.36 (KHTML, like Gecko) Chrome/101.0.4951.54 Safari/537.36"
::1 - - [12/May/2022:02:54:02 +0000] "GET / HTTP/1.1" 200 - "-" "Mozilla/5.0 (Windows NT 10.0; Win64; x64) AppleWebKit/537.36 (KHTML, like Gecko) Chrome/101.0.4951.54 Safari/537.36"
::1 - - [12/May/2022:02:54:02 +0000] "GET /css/common.css HTTP/1.1" 200 178 "http://localhost:9000/" "Mozilla/5.0 (Windows NT 10.0; Win64; x64) AppleWebKit/537.36 (KHTML, like Gecko) Chrome/101.0.4951.54 Safari/537.36"
::1 - - [12/May/2022:02:54:03 +0000] "GET /item/insert HTTP/1.1" 200 - "http://localhost:9000/" "Mozilla/5.0 (Windows NT 10.0; Win64; x64) AppleWebKit/537.36 (KHTML, like Gecko) Chrome/101.0.4951.54 Safari/537.36"
::1 - - [12/May/2022:02:56:13 +0000] "GET / HTTP/1.1" 200 - "-" "Mozilla/5.0 (Windows NT 10.0; Win64; x64) AppleWebKit/537.36 (KHTML, like Gecko) Chrome/101.0.4951.54 Safari/537.36"
::1 - - [12/May/2022:02:56:13 +0000] "GET /css/common.css HTTP/1.1" 200 178 "http://localhost:9000/" "Mozilla/5.0 (Windows NT 10.0; Win64; x64) AppleWebKit/537.36 (KHTML, like Gecko) Chrome/101.0.4951.54 Safari/537.36"
::1 - - [12/May/2022:02:56:14 +0000] "GET /item/insert HTTP/1.1" 200 - "http://localhost:9000/" "Mozilla/5.0 (Windows NT 10.0; Win64; x64) AppleWebKit/537.36 (KHTML, like Gecko) Chrome/101.0.4951.54 Safari/537.36"
::1 - - [12/May/2022:02:56:19 +0000] "POST /item/insert HTTP/1.1" 200 16 "http://localhost:9000/" "Mozilla/5.0 (Windows NT 10.0; Win64; x64) AppleWebKit/537.36 (KHTML, like Gecko) Chrome/101.0.4951.54 Safari/537.36"
::1 - - [12/May/2022:03:05:10 +0000] "GET / HTTP/1.1" 200 - "-" "Mozilla/5.0 (Windows NT 10.0; Win64; x64) AppleWebKit/537.36 (KHTML, like Gecko) Chrome/101.0.4951.54 Safari/537.36"
::1 - - [12/May/2022:03:05:11 +0000] "GET /css/common.css HTTP/1.1" 200 178 "http://localhost:9000/" "Mozilla/5.0 (Windows NT 10.0; Win64; x64) AppleWebKit/537.36 (KHTML, like Gecko) Chrome/101.0.4951.54 Safari/537.36"
::1 - - [12/May/2022:03:05:12 +0000] "GET /item/insert HTTP/1.1" 200 - "http://localhost:9000/" "Mozilla/5.0 (Windows NT 10.0; Win64; x64) AppleWebKit/537.36 (KHTML, like Gecko) Chrome/101.0.4951.54 Safari/537.36"
::1 - - [12/May/2022:03:05:18 +0000] "POST /item/insert HTTP/1.1" 200 15 "http://localhost:9000/" "Mozilla/5.0 (Windows NT 10.0; Win64; x64) AppleWebKit/537.36 (KHTML, like Gecko) Chrome/101.0.4951.54 Safari/537.36"
::1 - - [12/May/2022:03:36:57 +0000] "GET / HTTP/1.1" 200 - "-" "Mozilla/5.0 (Windows NT 10.0; Win64; x64) AppleWebKit/537.36 (KHTML, like Gecko) Chrome/101.0.4951.54 Safari/537.36"
::1 - - [12/May/2022:03:36:57 +0000] "GET /css/common.css HTTP/1.1" 200 178 "http://localhost:9000/" "Mozilla/5.0 (Windows NT 10.0; Win64; x64) AppleWebKit/537.36 (KHTML, like Gecko) Chrome/101.0.4951.54 Safari/537.36"
::1 - - [12/May/2022:03:37:02 +0000] "GET /item/insert HTTP/1.1" 200 - "http://localhost:9000/" "Mozilla/5.0 (Windows NT 10.0; Win64; x64) AppleWebKit/537.36 (KHTML, like Gecko) Chrome/101.0.4951.54 Safari/537.36"
::1 - - [12/May/2022:03:37:29 +0000] "POST /item/insert HTTP/1.1" 200 15 "http://localhost:9000/" "Mozilla/5.0 (Windows NT 10.0; Win64; x64) AppleWebKit/537.36 (KHTML, like Gecko) Chrome/101.0.4951.54 Safari/537.36"
::1 - - [12/May/2022:03:40:10 +0000] "GET / HTTP/1.1" 200 - "-" "Mozilla/5.0 (Windows NT 10.0; Win64; x64) AppleWebKit/537.36 (KHTML, like Gecko) Chrome/101.0.4951.54 Safari/537.36"
::1 - - [12/May/2022:03:40:10 +0000] "GET /css/common.css HTTP/1.1" 200 178 "http://localhost:9000/" "Mozilla/5.0 (Windows NT 10.0; Win64; x64) AppleWebKit/537.36 (KHTML, like Gecko) Chrome/101.0.4951.54 Safari/537.36"
::1 - - [12/May/2022:03:40:11 +0000] "GET /item/insert HTTP/1.1" 200 - "http://localhost:9000/" "Mozilla/5.0 (Windows NT 10.0; Win64; x64) AppleWebKit/537.36 (KHTML, like Gecko) Chrome/101.0.4951.54 Safari/537.36"
::1 - - [12/May/2022:03:40:28 +0000] "POST /item/insert HTTP/1.1" 200 15 "http://localhost:9000/" "Mozilla/5.0 (Windows NT 10.0; Win64; x64) AppleWebKit/537.36 (KHTML, like Gecko) Chrome/101.0.4951.54 Safari/537.36"
::1 - - [12/May/2022:03:44:37 +0000] "GET / HTTP/1.1" 200 - "-" "Mozilla/5.0 (Windows NT 10.0; Win64; x64) AppleWebKit/537.36 (KHTML, like Gecko) Chrome/101.0.4951.54 Safari/537.36"
::1 - - [12/May/2022:03:44:37 +0000] "GET /css/common.css HTTP/1.1" 200 178 "http://localhost:9000/" "Mozilla/5.0 (Windows NT 10.0; Win64; x64) AppleWebKit/537.36 (KHTML, like Gecko) Chrome/101.0.4951.54 Safari/537.36"
::1 - - [12/May/2022:03:44:38 +0000] "GET /item/insert HTTP/1.1" 200 - "http://localhost:9000/" "Mozilla/5.0 (Windows NT 10.0; Win64; x64) AppleWebKit/537.36 (KHTML, like Gecko) Chrome/101.0.4951.54 Safari/537.36"
::1 - - [12/May/2022:03:45:41 +0000] "POST /item/insert HTTP/1.1" 200 15 "http://localhost:9000/" "Mozilla/5.0 (Windows NT 10.0; Win64; x64) AppleWebKit/537.36 (KHTML, like Gecko) Chrome/101.0.4951.54 Safari/537.36"
::1 - - [12/May/2022:03:45:41 +0000] "GET /item/list?pageno=1&count=5 HTTP/1.1" 200 783 "http://localhost:9000/" "Mozilla/5.0 (Windows NT 10.0; Win64; x64) AppleWebKit/537.36 (KHTML, like Gecko) Chrome/101.0.4951.54 Safari/537.36"
::1 - - [12/May/2022:03:45:44 +0000] "GET /item/all HTTP/1.1" 200 - "http://localhost:9000/" "Mozilla/5.0 (Windows NT 10.0; Win64; x64) AppleWebKit/537.36 (KHTML, like Gecko) Chrome/101.0.4951.54 Safari/537.36"
::1 - - [12/May/2022:03:45:50 +0000] "GET /item/detail?itemid=35 HTTP/1.1" 200 184 "http://localhost:9000/" "Mozilla/5.0 (Windows NT 10.0; Win64; x64) AppleWebKit/537.36 (KHTML, like Gecko) Chrome/101.0.4951.54 Safari/537.36"
::1 - - [12/May/2022:03:45:51 +0000] "GET /img/gold1652327141520.jpg HTTP/1.1" 200 9038 "http://localhost:9000/" "Mozilla/5.0 (Windows NT 10.0; Win64; x64) AppleWebKit/537.36 (KHTML, like Gecko) Chrome/101.0.4951.54 Safari/537.36"
::1 - - [12/May/2022:03:45:55 +0000] "GET /item/list?pageno=1&count=5 HTTP/1.1" 304 - "http://localhost:9000/" "Mozilla/5.0 (Windows NT 10.0; Win64; x64) AppleWebKit/537.36 (KHTML, like Gecko) Chrome/101.0.4951.54 Safari/537.36"
::1 - - [12/May/2022:03:45:59 +0000] "GET /item/list?pageno=1&count=15 HTTP/1.1" 200 - "http://localhost:9000/" "Mozilla/5.0 (Windows NT 10.0; Win64; x64) AppleWebKit/537.36 (KHTML, like Gecko) Chrome/101.0.4951.54 Safari/537.36"
::1 - - [12/May/2022:03:46:00 +0000] "GET /item/list?pageno=2&count=15 HTTP/1.1" 200 - "http://localhost:9000/" "Mozilla/5.0 (Windows NT 10.0; Win64; x64) AppleWebKit/537.36 (KHTML, like Gecko) Chrome/101.0.4951.54 Safari/537.36"
::1 - - [12/May/2022:03:46:01 +0000] "GET /item/list?pageno=3&count=15 HTTP/1.1" 200 705 "http://localhost:9000/" "Mozilla/5.0 (Windows NT 10.0; Win64; x64) AppleWebKit/537.36 (KHTML, like Gecko) Chrome/101.0.4951.54 Safari/537.36"
::1 - - [12/May/2022:03:46:03 +0000] "GET /item/detail?itemid=34 HTTP/1.1" 200 158 "http://localhost:9000/" "Mozilla/5.0 (Windows NT 10.0; Win64; x64) AppleWebKit/537.36 (KHTML, like Gecko) Chrome/101.0.4951.54 Safari/537.36"
::1 - - [12/May/2022:03:46:04 +0000] "GET /img/S_51652326828643.jpg HTTP/1.1" 200 1504220 "http://localhost:9000/" "Mozilla/5.0 (Windows NT 10.0; Win64; x64) AppleWebKit/537.36 (KHTML, like Gecko) Chrome/101.0.4951.54 Safari/537.36"
::1 - - [12/May/2022:03:46:12 +0000] "GET /item/list?pageno=1&count=15 HTTP/1.1" 304 - "http://localhost:9000/" "Mozilla/5.0 (Windows NT 10.0; Win64; x64) AppleWebKit/537.36 (KHTML, like Gecko) Chrome/101.0.4951.54 Safari/537.36"
::1 - - [12/May/2022:05:32:47 +0000] "GET / HTTP/1.1" 200 - "-" "Mozilla/5.0 (Windows NT 10.0; Win64; x64) AppleWebKit/537.36 (KHTML, like Gecko) Chrome/101.0.4951.54 Safari/537.36"
::1 - - [12/May/2022:05:32:47 +0000] "GET /css/common.css HTTP/1.1" 304 - "http://localhost:9000/" "Mozilla/5.0 (Windows NT 10.0; Win64; x64) AppleWebKit/537.36 (KHTML, like Gecko) Chrome/101.0.4951.54 Safari/537.36"
::1 - - [12/May/2022:05:32:53 +0000] "GET /css/common.css HTTP/1.1" 304 - "http://localhost:9000/" "Mozilla/5.0 (Windows NT 10.0; Win64; x64) AppleWebKit/537.36 (KHTML, like Gecko) Chrome/101.0.4951.54 Safari/537.36"
::1 - - [12/May/2022:05:35:09 +0000] "GET / HTTP/1.1" 200 - "-" "Mozilla/5.0 (Windows NT 10.0; Win64; x64) AppleWebKit/537.36 (KHTML, like Gecko) Chrome/101.0.4951.54 Safari/537.36"
::1 - - [12/May/2022:05:35:10 +0000] "GET /css/common.css HTTP/1.1" 200 178 "http://localhost:9000/" "Mozilla/5.0 (Windows NT 10.0; Win64; x64) AppleWebKit/537.36 (KHTML, like Gecko) Chrome/101.0.4951.54 Safari/537.36"
::1 - - [12/May/2022:05:35:11 +0000] "GET /item/all HTTP/1.1" 200 - "http://localhost:9000/" "Mozilla/5.0 (Windows NT 10.0; Win64; x64) AppleWebKit/537.36 (KHTML, like Gecko) Chrome/101.0.4951.54 Safari/537.36"
::1 - - [12/May/2022:05:35:11 +0000] "GET /item/insert HTTP/1.1" 200 - "http://localhost:9000/" "Mozilla/5.0 (Windows NT 10.0; Win64; x64) AppleWebKit/537.36 (KHTML, like Gecko) Chrome/101.0.4951.54 Safari/537.36"
::1 - - [12/May/2022:05:35:17 +0000] "POST /item/insert HTTP/1.1" 200 15 "http://localhost:9000/" "Mozilla/5.0 (Windows NT 10.0; Win64; x64) AppleWebKit/537.36 (KHTML, like Gecko) Chrome/101.0.4951.54 Safari/537.36"
::1 - - [12/May/2022:05:35:17 +0000] "GET /item/list?pageno=1&count=5 HTTP/1.1" 200 783 "http://localhost:9000/" "Mozilla/5.0 (Windows NT 10.0; Win64; x64) AppleWebKit/537.36 (KHTML, like Gecko) Chrome/101.0.4951.54 Safari/537.36"
::1 - - [12/May/2022:05:35:19 +0000] "GET /item/list?pageno=2&count=5 HTTP/1.1" 200 815 "http://localhost:9000/" "Mozilla/5.0 (Windows NT 10.0; Win64; x64) AppleWebKit/537.36 (KHTML, like Gecko) Chrome/101.0.4951.54 Safari/537.36"
::1 - - [12/May/2022:05:35:21 +0000] "GET /item/list?pageno=3&count=5 HTTP/1.1" 200 790 "http://localhost:9000/" "Mozilla/5.0 (Windows NT 10.0; Win64; x64) AppleWebKit/537.36 (KHTML, like Gecko) Chrome/101.0.4951.54 Safari/537.36"
::1 - - [12/May/2022:05:35:23 +0000] "GET /item/all HTTP/1.1" 200 - "http://localhost:9000/" "Mozilla/5.0 (Windows NT 10.0; Win64; x64) AppleWebKit/537.36 (KHTML, like Gecko) Chrome/101.0.4951.54 Safari/537.36"
::1 - - [12/May/2022:05:35:24 +0000] "GET /item/detail?itemid=36 HTTP/1.1" 200 145 "http://localhost:9000/" "Mozilla/5.0 (Windows NT 10.0; Win64; x64) AppleWebKit/537.36 (KHTML, like Gecko) Chrome/101.0.4951.54 Safari/537.36"
::1 - - [12/May/2022:05:35:24 +0000] "GET /img/default.png HTTP/1.1" 404 154 "http://localhost:9000/" "Mozilla/5.0 (Windows NT 10.0; Win64; x64) AppleWebKit/537.36 (KHTML, like Gecko) Chrome/101.0.4951.54 Safari/537.36"
::1 - - [12/May/2022:05:35:27 +0000] "POST /item/delete HTTP/1.1" 200 15 "http://localhost:9000/" "Mozilla/5.0 (Windows NT 10.0; Win64; x64) AppleWebKit/537.36 (KHTML, like Gecko) Chrome/101.0.4951.54 Safari/537.36"
::1 - - [12/May/2022:05:36:22 +0000] "GET / HTTP/1.1" 200 - "-" "Mozilla/5.0 (Windows NT 10.0; Win64; x64) AppleWebKit/537.36 (KHTML, like Gecko) Chrome/101.0.4951.54 Safari/537.36"
::1 - - [12/May/2022:05:36:22 +0000] "GET /css/common.css HTTP/1.1" 200 178 "http://localhost:9000/" "Mozilla/5.0 (Windows NT 10.0; Win64; x64) AppleWebKit/537.36 (KHTML, like Gecko) Chrome/101.0.4951.54 Safari/537.36"
::1 - - [12/May/2022:05:36:24 +0000] "GET /item/insert HTTP/1.1" 200 - "http://localhost:9000/" "Mozilla/5.0 (Windows NT 10.0; Win64; x64) AppleWebKit/537.36 (KHTML, like Gecko) Chrome/101.0.4951.54 Safari/537.36"
::1 - - [12/May/2022:05:36:25 +0000] "GET /item/all HTTP/1.1" 200 - "http://localhost:9000/" "Mozilla/5.0 (Windows NT 10.0; Win64; x64) AppleWebKit/537.36 (KHTML, like Gecko) Chrome/101.0.4951.54 Safari/537.36"
::1 - - [12/May/2022:05:36:29 +0000] "GET /item/detail?itemid=35 HTTP/1.1" 200 184 "http://localhost:9000/" "Mozilla/5.0 (Windows NT 10.0; Win64; x64) AppleWebKit/537.36 (KHTML, like Gecko) Chrome/101.0.4951.54 Safari/537.36"
::1 - - [12/May/2022:05:36:29 +0000] "GET /img/gold1652327141520.jpg HTTP/1.1" 200 9038 "http://localhost:9000/" "Mozilla/5.0 (Windows NT 10.0; Win64; x64) AppleWebKit/537.36 (KHTML, like Gecko) Chrome/101.0.4951.54 Safari/537.36"
::1 - - [12/May/2022:05:36:31 +0000] "GET /item/all HTTP/1.1" 200 - "http://localhost:9000/" "Mozilla/5.0 (Windows NT 10.0; Win64; x64) AppleWebKit/537.36 (KHTML, like Gecko) Chrome/101.0.4951.54 Safari/537.36"
::1 - - [12/May/2022:05:36:33 +0000] "GET /item/insert HTTP/1.1" 200 - "http://localhost:9000/" "Mozilla/5.0 (Windows NT 10.0; Win64; x64) AppleWebKit/537.36 (KHTML, like Gecko) Chrome/101.0.4951.54 Safari/537.36"
::1 - - [12/May/2022:05:36:38 +0000] "POST /item/insert HTTP/1.1" 200 15 "http://localhost:9000/" "Mozilla/5.0 (Windows NT 10.0; Win64; x64) AppleWebKit/537.36 (KHTML, like Gecko) Chrome/101.0.4951.54 Safari/537.36"
::1 - - [12/May/2022:05:36:38 +0000] "GET /item/list?pageno=1&count=5 HTTP/1.1" 200 783 "http://localhost:9000/" "Mozilla/5.0 (Windows NT 10.0; Win64; x64) AppleWebKit/537.36 (KHTML, like Gecko) Chrome/101.0.4951.54 Safari/537.36"
::1 - - [12/May/2022:05:36:40 +0000] "GET /item/all HTTP/1.1" 200 - "http://localhost:9000/" "Mozilla/5.0 (Windows NT 10.0; Win64; x64) AppleWebKit/537.36 (KHTML, like Gecko) Chrome/101.0.4951.54 Safari/537.36"
::1 - - [12/May/2022:05:36:41 +0000] "GET /item/detail?itemid=36 HTTP/1.1" 200 144 "http://localhost:9000/" "Mozilla/5.0 (Windows NT 10.0; Win64; x64) AppleWebKit/537.36 (KHTML, like Gecko) Chrome/101.0.4951.54 Safari/537.36"
::1 - - [12/May/2022:05:36:41 +0000] "GET /img/default.png HTTP/1.1" 404 154 "http://localhost:9000/" "Mozilla/5.0 (Windows NT 10.0; Win64; x64) AppleWebKit/537.36 (KHTML, like Gecko) Chrome/101.0.4951.54 Safari/537.36"
::1 - - [12/May/2022:05:36:43 +0000] "POST /item/delete HTTP/1.1" 200 15 "http://localhost:9000/" "Mozilla/5.0 (Windows NT 10.0; Win64; x64) AppleWebKit/537.36 (KHTML, like Gecko) Chrome/101.0.4951.54 Safari/537.36"
::1 - - [12/May/2022:06:07:39 +0000] "GET / HTTP/1.1" 200 - "-" "Mozilla/5.0 (Windows NT 10.0; Win64; x64) AppleWebKit/537.36 (KHTML, like Gecko) Chrome/101.0.4951.54 Safari/537.36"
::1 - - [12/May/2022:06:07:39 +0000] "GET /css/common.css HTTP/1.1" 200 178 "http://localhost:9000/" "Mozilla/5.0 (Windows NT 10.0; Win64; x64) AppleWebKit/537.36 (KHTML, like Gecko) Chrome/101.0.4951.54 Safari/537.36"
::1 - - [12/May/2022:06:07:41 +0000] "GET /item/all HTTP/1.1" 200 - "http://localhost:9000/" "Mozilla/5.0 (Windows NT 10.0; Win64; x64) AppleWebKit/537.36 (KHTML, like Gecko) Chrome/101.0.4951.54 Safari/537.36"
::1 - - [12/May/2022:06:07:44 +0000] "GET /item/detail?itemid=34 HTTP/1.1" 200 158 "http://localhost:9000/" "Mozilla/5.0 (Windows NT 10.0; Win64; x64) AppleWebKit/537.36 (KHTML, like Gecko) Chrome/101.0.4951.54 Safari/537.36"
::1 - - [12/May/2022:06:07:44 +0000] "GET /img/S_51652326828643.jpg HTTP/1.1" 200 1504220 "http://localhost:9000/" "Mozilla/5.0 (Windows NT 10.0; Win64; x64) AppleWebKit/537.36 (KHTML, like Gecko) Chrome/101.0.4951.54 Safari/537.36"
::1 - - [12/May/2022:06:07:56 +0000] "GET /item/update HTTP/1.1" 200 - "http://localhost:9000/" "Mozilla/5.0 (Windows NT 10.0; Win64; x64) AppleWebKit/537.36 (KHTML, like Gecko) Chrome/101.0.4951.54 Safari/537.36"
::1 - - [12/May/2022:06:08:10 +0000] "GET /item/insert HTTP/1.1" 200 - "http://localhost:9000/" "Mozilla/5.0 (Windows NT 10.0; Win64; x64) AppleWebKit/537.36 (KHTML, like Gecko) Chrome/101.0.4951.54 Safari/537.36"
::1 - - [12/May/2022:06:08:13 +0000] "GET /item/all HTTP/1.1" 304 - "http://localhost:9000/" "Mozilla/5.0 (Windows NT 10.0; Win64; x64) AppleWebKit/537.36 (KHTML, like Gecko) Chrome/101.0.4951.54 Safari/537.36"
::1 - - [12/May/2022:06:08:15 +0000] "GET /item/list?pageno=1&count=5 HTTP/1.1" 200 783 "http://localhost:9000/" "Mozilla/5.0 (Windows NT 10.0; Win64; x64) AppleWebKit/537.36 (KHTML, like Gecko) Chrome/101.0.4951.54 Safari/537.36"
::1 - - [12/May/2022:06:08:16 +0000] "GET /item/detail?itemid=5 HTTP/1.1" 200 170 "http://localhost:9000/" "Mozilla/5.0 (Windows NT 10.0; Win64; x64) AppleWebKit/537.36 (KHTML, like Gecko) Chrome/101.0.4951.54 Safari/537.36"
::1 - - [12/May/2022:06:08:16 +0000] "GET /img/strawberry.jpg HTTP/1.1" 200 68903 "http://localhost:9000/" "Mozilla/5.0 (Windows NT 10.0; Win64; x64) AppleWebKit/537.36 (KHTML, like Gecko) Chrome/101.0.4951.54 Safari/537.36"
::1 - - [12/May/2022:06:15:44 +0000] "GET /item/all HTTP/1.1" 304 - "http://localhost:9000/" "Mozilla/5.0 (Windows NT 10.0; Win64; x64) AppleWebKit/537.36 (KHTML, like Gecko) Chrome/101.0.4951.54 Safari/537.36"
::1 - - [12/May/2022:06:15:45 +0000] "GET / HTTP/1.1" 200 - "-" "Mozilla/5.0 (Windows NT 10.0; Win64; x64) AppleWebKit/537.36 (KHTML, like Gecko) Chrome/101.0.4951.54 Safari/537.36"
::1 - - [12/May/2022:06:15:45 +0000] "GET /css/common.css HTTP/1.1" 304 - "http://localhost:9000/" "Mozilla/5.0 (Windows NT 10.0; Win64; x64) AppleWebKit/537.36 (KHTML, like Gecko) Chrome/101.0.4951.54 Safari/537.36"
::1 - - [12/May/2022:06:15:46 +0000] "GET /item/all HTTP/1.1" 304 - "http://localhost:9000/" "Mozilla/5.0 (Windows NT 10.0; Win64; x64) AppleWebKit/537.36 (KHTML, like Gecko) Chrome/101.0.4951.54 Safari/537.36"
::1 - - [12/May/2022:06:15:47 +0000] "GET /item/detail?itemid=30 HTTP/1.1" 200 200 "http://localhost:9000/" "Mozilla/5.0 (Windows NT 10.0; Win64; x64) AppleWebKit/537.36 (KHTML, like Gecko) Chrome/101.0.4951.54 Safari/537.36"
::1 - - [12/May/2022:06:15:47 +0000] "GET /img/grape.jpg HTTP/1.1" 200 36844 "http://localhost:9000/" "Mozilla/5.0 (Windows NT 10.0; Win64; x64) AppleWebKit/537.36 (KHTML, like Gecko) Chrome/101.0.4951.54 Safari/537.36"
::1 - - [12/May/2022:06:15:49 +0000] "GET /item/update HTTP/1.1" 200 - "http://localhost:9000/" "Mozilla/5.0 (Windows NT 10.0; Win64; x64) AppleWebKit/537.36 (KHTML, like Gecko) Chrome/101.0.4951.54 Safari/537.36"
::1 - - [12/May/2022:06:17:18 +0000] "GET /css/common.css HTTP/1.1" 304 - "http://localhost:9000/" "Mozilla/5.0 (Windows NT 10.0; Win64; x64) AppleWebKit/537.36 (KHTML, like Gecko) Chrome/101.0.4951.54 Safari/537.36"
::1 - - [12/May/2022:06:18:24 +0000] "GET /item/all HTTP/1.1" 200 - "http://localhost:9000/" "Mozilla/5.0 (Windows NT 10.0; Win64; x64) AppleWebKit/537.36 (KHTML, like Gecko) Chrome/101.0.4951.54 Safari/537.36"
::1 - - [12/May/2022:06:18:25 +0000] "GET /item/detail?itemid=34 HTTP/1.1" 200 158 "http://localhost:9000/" "Mozilla/5.0 (Windows NT 10.0; Win64; x64) AppleWebKit/537.36 (KHTML, like Gecko) Chrome/101.0.4951.54 Safari/537.36"
::1 - - [12/May/2022:06:18:25 +0000] "GET /img/S_51652326828643.jpg HTTP/1.1" 200 1504220 "http://localhost:9000/" "Mozilla/5.0 (Windows NT 10.0; Win64; x64) AppleWebKit/537.36 (KHTML, like Gecko) Chrome/101.0.4951.54 Safari/537.36"
::1 - - [12/May/2022:06:18:31 +0000] "GET /item/update HTTP/1.1" 200 - "http://localhost:9000/" "Mozilla/5.0 (Windows NT 10.0; Win64; x64) AppleWebKit/537.36 (KHTML, like Gecko) Chrome/101.0.4951.54 Safari/537.36"
::1 - - [12/May/2022:06:21:39 +0000] "GET / HTTP/1.1" 200 - "-" "Mozilla/5.0 (Windows NT 10.0; Win64; x64) AppleWebKit/537.36 (KHTML, like Gecko) Chrome/101.0.4951.54 Safari/537.36"
::1 - - [12/May/2022:06:21:40 +0000] "GET /css/common.css HTTP/1.1" 200 178 "http://localhost:9000/" "Mozilla/5.0 (Windows NT 10.0; Win64; x64) AppleWebKit/537.36 (KHTML, like Gecko) Chrome/101.0.4951.54 Safari/537.36"
::1 - - [12/May/2022:06:21:41 +0000] "GET /item/all HTTP/1.1" 200 - "http://localhost:9000/" "Mozilla/5.0 (Windows NT 10.0; Win64; x64) AppleWebKit/537.36 (KHTML, like Gecko) Chrome/101.0.4951.54 Safari/537.36"
::1 - - [12/May/2022:06:21:42 +0000] "GET /item/detail?itemid=33 HTTP/1.1" 200 153 "http://localhost:9000/" "Mozilla/5.0 (Windows NT 10.0; Win64; x64) AppleWebKit/537.36 (KHTML, like Gecko) Chrome/101.0.4951.54 Safari/537.36"
::1 - - [12/May/2022:06:21:42 +0000] "GET /img/default.png HTTP/1.1" 404 154 "http://localhost:9000/" "Mozilla/5.0 (Windows NT 10.0; Win64; x64) AppleWebKit/537.36 (KHTML, like Gecko) Chrome/101.0.4951.54 Safari/537.36"
::1 - - [12/May/2022:06:21:49 +0000] "GET /item/update HTTP/1.1" 200 - "http://localhost:9000/" "Mozilla/5.0 (Windows NT 10.0; Win64; x64) AppleWebKit/537.36 (KHTML, like Gecko) Chrome/101.0.4951.54 Safari/537.36"
::1 - - [12/May/2022:06:22:44 +0000] "GET / HTTP/1.1" 200 - "-" "Mozilla/5.0 (Windows NT 10.0; Win64; x64) AppleWebKit/537.36 (KHTML, like Gecko) Chrome/101.0.4951.54 Safari/537.36"
::1 - - [12/May/2022:06:22:44 +0000] "GET /css/common.css HTTP/1.1" 200 178 "http://localhost:9000/" "Mozilla/5.0 (Windows NT 10.0; Win64; x64) AppleWebKit/537.36 (KHTML, like Gecko) Chrome/101.0.4951.54 Safari/537.36"
::1 - - [12/May/2022:06:22:45 +0000] "GET /item/all HTTP/1.1" 200 - "http://localhost:9000/" "Mozilla/5.0 (Windows NT 10.0; Win64; x64) AppleWebKit/537.36 (KHTML, like Gecko) Chrome/101.0.4951.54 Safari/537.36"
::1 - - [12/May/2022:06:22:46 +0000] "GET /item/detail?itemid=35 HTTP/1.1" 200 184 "http://localhost:9000/" "Mozilla/5.0 (Windows NT 10.0; Win64; x64) AppleWebKit/537.36 (KHTML, like Gecko) Chrome/101.0.4951.54 Safari/537.36"
::1 - - [12/May/2022:06:22:46 +0000] "GET /img/gold1652327141520.jpg HTTP/1.1" 200 9038 "http://localhost:9000/" "Mozilla/5.0 (Windows NT 10.0; Win64; x64) AppleWebKit/537.36 (KHTML, like Gecko) Chrome/101.0.4951.54 Safari/537.36"
::1 - - [12/May/2022:06:22:49 +0000] "GET /item/update HTTP/1.1" 200 - "http://localhost:9000/" "Mozilla/5.0 (Windows NT 10.0; Win64; x64) AppleWebKit/537.36 (KHTML, like Gecko) Chrome/101.0.4951.54 Safari/537.36"
::1 - - [12/May/2022:06:24:56 +0000] "GET /item/all HTTP/1.1" 200 - "http://localhost:9000/" "Mozilla/5.0 (Windows NT 10.0; Win64; x64) AppleWebKit/537.36 (KHTML, like Gecko) Chrome/101.0.4951.54 Safari/537.36"
::1 - - [12/May/2022:06:24:57 +0000] "GET /item/detail?itemid=34 HTTP/1.1" 200 158 "http://localhost:9000/" "Mozilla/5.0 (Windows NT 10.0; Win64; x64) AppleWebKit/537.36 (KHTML, like Gecko) Chrome/101.0.4951.54 Safari/537.36"
::1 - - [12/May/2022:06:24:57 +0000] "GET /img/S_51652326828643.jpg HTTP/1.1" 200 1504220 "http://localhost:9000/" "Mozilla/5.0 (Windows NT 10.0; Win64; x64) AppleWebKit/537.36 (KHTML, like Gecko) Chrome/101.0.4951.54 Safari/537.36"
::1 - - [12/May/2022:06:25:01 +0000] "GET /item/update HTTP/1.1" 200 - "http://localhost:9000/" "Mozilla/5.0 (Windows NT 10.0; Win64; x64) AppleWebKit/537.36 (KHTML, like Gecko) Chrome/101.0.4951.54 Safari/537.36"
::1 - - [12/May/2022:06:25:04 +0000] "GET /css/common.css HTTP/1.1" 304 - "http://localhost:9000/" "Mozilla/5.0 (Windows NT 10.0; Win64; x64) AppleWebKit/537.36 (KHTML, like Gecko) Chrome/101.0.4951.54 Safari/537.36"
::1 - - [12/May/2022:06:25:11 +0000] "GET / HTTP/1.1" 200 - "-" "Mozilla/5.0 (Windows NT 10.0; Win64; x64) AppleWebKit/537.36 (KHTML, like Gecko) Chrome/101.0.4951.54 Safari/537.36"
::1 - - [12/May/2022:06:25:11 +0000] "GET /css/common.css HTTP/1.1" 200 178 "http://localhost:9000/" "Mozilla/5.0 (Windows NT 10.0; Win64; x64) AppleWebKit/537.36 (KHTML, like Gecko) Chrome/101.0.4951.54 Safari/537.36"
::1 - - [12/May/2022:06:25:12 +0000] "GET /item/all HTTP/1.1" 200 - "http://localhost:9000/" "Mozilla/5.0 (Windows NT 10.0; Win64; x64) AppleWebKit/537.36 (KHTML, like Gecko) Chrome/101.0.4951.54 Safari/537.36"
::1 - - [12/May/2022:06:25:14 +0000] "GET /item/detail?itemid=34 HTTP/1.1" 200 158 "http://localhost:9000/" "Mozilla/5.0 (Windows NT 10.0; Win64; x64) AppleWebKit/537.36 (KHTML, like Gecko) Chrome/101.0.4951.54 Safari/537.36"
::1 - - [12/May/2022:06:25:14 +0000] "GET /img/S_51652326828643.jpg HTTP/1.1" 200 1504220 "http://localhost:9000/" "Mozilla/5.0 (Windows NT 10.0; Win64; x64) AppleWebKit/537.36 (KHTML, like Gecko) Chrome/101.0.4951.54 Safari/537.36"
::1 - - [12/May/2022:06:25:17 +0000] "GET /item/update HTTP/1.1" 200 - "http://localhost:9000/" "Mozilla/5.0 (Windows NT 10.0; Win64; x64) AppleWebKit/537.36 (KHTML, like Gecko) Chrome/101.0.4951.54 Safari/537.36"
::1 - - [12/May/2022:06:25:17 +0000] "GET /img/S_51652326828643.jpg HTTP/1.1" 200 1504220 "http://localhost:9000/" "Mozilla/5.0 (Windows NT 10.0; Win64; x64) AppleWebKit/537.36 (KHTML, like Gecko) Chrome/101.0.4951.54 Safari/537.36"
::1 - - [12/May/2022:06:25:29 +0000] "POST / HTTP/1.1" 404 140 "http://localhost:9000/" "Mozilla/5.0 (Windows NT 10.0; Win64; x64) AppleWebKit/537.36 (KHTML, like Gecko) Chrome/101.0.4951.54 Safari/537.36"
::1 - - [12/May/2022:06:25:33 +0000] "GET / HTTP/1.1" 200 - "-" "Mozilla/5.0 (Windows NT 10.0; Win64; x64) AppleWebKit/537.36 (KHTML, like Gecko) Chrome/101.0.4951.54 Safari/537.36"
::1 - - [12/May/2022:06:25:33 +0000] "GET /css/common.css HTTP/1.1" 200 178 "http://localhost:9000/" "Mozilla/5.0 (Windows NT 10.0; Win64; x64) AppleWebKit/537.36 (KHTML, like Gecko) Chrome/101.0.4951.54 Safari/537.36"
::1 - - [12/May/2022:07:04:07 +0000] "GET / HTTP/1.1" 200 - "-" "Mozilla/5.0 (Windows NT 10.0; Win64; x64) AppleWebKit/537.36 (KHTML, like Gecko) Chrome/101.0.4951.54 Safari/537.36"
::1 - - [12/May/2022:07:04:08 +0000] "GET /css/common.css HTTP/1.1" 200 178 "http://localhost:9000/" "Mozilla/5.0 (Windows NT 10.0; Win64; x64) AppleWebKit/537.36 (KHTML, like Gecko) Chrome/101.0.4951.54 Safari/537.36"
::1 - - [12/May/2022:07:04:09 +0000] "GET /item/all HTTP/1.1" 200 - "http://localhost:9000/" "Mozilla/5.0 (Windows NT 10.0; Win64; x64) AppleWebKit/537.36 (KHTML, like Gecko) Chrome/101.0.4951.54 Safari/537.36"
::1 - - [12/May/2022:07:04:10 +0000] "GET /item/detail?itemid=34 HTTP/1.1" 200 158 "http://localhost:9000/" "Mozilla/5.0 (Windows NT 10.0; Win64; x64) AppleWebKit/537.36 (KHTML, like Gecko) Chrome/101.0.4951.54 Safari/537.36"
::1 - - [12/May/2022:07:04:10 +0000] "GET /img/S_51652326828643.jpg HTTP/1.1" 200 1504220 "http://localhost:9000/" "Mozilla/5.0 (Windows NT 10.0; Win64; x64) AppleWebKit/537.36 (KHTML, like Gecko) Chrome/101.0.4951.54 Safari/537.36"
::1 - - [12/May/2022:07:04:13 +0000] "GET /item/update HTTP/1.1" 200 - "http://localhost:9000/" "Mozilla/5.0 (Windows NT 10.0; Win64; x64) AppleWebKit/537.36 (KHTML, like Gecko) Chrome/101.0.4951.54 Safari/537.36"
::1 - - [12/May/2022:07:06:32 +0000] "GET /item/insert HTTP/1.1" 200 - "http://localhost:9000/" "Mozilla/5.0 (Windows NT 10.0; Win64; x64) AppleWebKit/537.36 (KHTML, like Gecko) Chrome/101.0.4951.54 Safari/537.36"
::1 - - [12/May/2022:07:06:32 +0000] "GET /item/all HTTP/1.1" 200 - "http://localhost:9000/" "Mozilla/5.0 (Windows NT 10.0; Win64; x64) AppleWebKit/537.36 (KHTML, like Gecko) Chrome/101.0.4951.54 Safari/537.36"
::1 - - [12/May/2022:07:06:33 +0000] "GET /item/detail?itemid=34 HTTP/1.1" 200 158 "http://localhost:9000/" "Mozilla/5.0 (Windows NT 10.0; Win64; x64) AppleWebKit/537.36 (KHTML, like Gecko) Chrome/101.0.4951.54 Safari/537.36"
::1 - - [12/May/2022:07:06:33 +0000] "GET /img/S_51652326828643.jpg HTTP/1.1" 200 1504220 "http://localhost:9000/" "Mozilla/5.0 (Windows NT 10.0; Win64; x64) AppleWebKit/537.36 (KHTML, like Gecko) Chrome/101.0.4951.54 Safari/537.36"
::1 - - [12/May/2022:07:06:38 +0000] "GET /item/update HTTP/1.1" 200 - "http://localhost:9000/" "Mozilla/5.0 (Windows NT 10.0; Win64; x64) AppleWebKit/537.36 (KHTML, like Gecko) Chrome/101.0.4951.54 Safari/537.36"
::1 - - [12/May/2022:07:06:59 +0000] "POST /item/update HTTP/1.1" 200 15 "http://localhost:9000/" "Mozilla/5.0 (Windows NT 10.0; Win64; x64) AppleWebKit/537.36 (KHTML, like Gecko) Chrome/101.0.4951.54 Safari/537.36"
::1 - - [12/May/2022:07:12:10 +0000] "GET /item/insert HTTP/1.1" 200 - "http://localhost:9000/" "Mozilla/5.0 (Windows NT 10.0; Win64; x64) AppleWebKit/537.36 (KHTML, like Gecko) Chrome/101.0.4951.54 Safari/537.36"
::1 - - [12/May/2022:07:12:10 +0000] "GET /item/all HTTP/1.1" 200 - "http://localhost:9000/" "Mozilla/5.0 (Windows NT 10.0; Win64; x64) AppleWebKit/537.36 (KHTML, like Gecko) Chrome/101.0.4951.54 Safari/537.36"
::1 - - [12/May/2022:07:12:11 +0000] "GET / HTTP/1.1" 304 - "-" "Mozilla/5.0 (Windows NT 10.0; Win64; x64) AppleWebKit/537.36 (KHTML, like Gecko) Chrome/101.0.4951.54 Safari/537.36"
::1 - - [12/May/2022:07:12:11 +0000] "GET /css/common.css HTTP/1.1" 304 - "http://localhost:9000/" "Mozilla/5.0 (Windows NT 10.0; Win64; x64) AppleWebKit/537.36 (KHTML, like Gecko) Chrome/101.0.4951.54 Safari/537.36"
::1 - - [12/May/2022:07:12:12 +0000] "GET / HTTP/1.1" 304 - "-" "Mozilla/5.0 (Windows NT 10.0; Win64; x64) AppleWebKit/537.36 (KHTML, like Gecko) Chrome/101.0.4951.54 Safari/537.36"
::1 - - [12/May/2022:07:12:12 +0000] "GET /css/common.css HTTP/1.1" 304 - "http://localhost:9000/" "Mozilla/5.0 (Windows NT 10.0; Win64; x64) AppleWebKit/537.36 (KHTML, like Gecko) Chrome/101.0.4951.54 Safari/537.36"
::1 - - [12/May/2022:07:12:12 +0000] "GET / HTTP/1.1" 304 - "-" "Mozilla/5.0 (Windows NT 10.0; Win64; x64) AppleWebKit/537.36 (KHTML, like Gecko) Chrome/101.0.4951.54 Safari/537.36"
::1 - - [12/May/2022:07:12:12 +0000] "GET /css/common.css HTTP/1.1" 304 - "http://localhost:9000/" "Mozilla/5.0 (Windows NT 10.0; Win64; x64) AppleWebKit/537.36 (KHTML, like Gecko) Chrome/101.0.4951.54 Safari/537.36"
::1 - - [12/May/2022:07:12:12 +0000] "GET / HTTP/1.1" 304 - "-" "Mozilla/5.0 (Windows NT 10.0; Win64; x64) AppleWebKit/537.36 (KHTML, like Gecko) Chrome/101.0.4951.54 Safari/537.36"
::1 - - [12/May/2022:07:12:12 +0000] "GET /css/common.css HTTP/1.1" 304 - "http://localhost:9000/" "Mozilla/5.0 (Windows NT 10.0; Win64; x64) AppleWebKit/537.36 (KHTML, like Gecko) Chrome/101.0.4951.54 Safari/537.36"
::1 - - [12/May/2022:07:12:13 +0000] "GET /item/all HTTP/1.1" 304 - "http://localhost:9000/" "Mozilla/5.0 (Windows NT 10.0; Win64; x64) AppleWebKit/537.36 (KHTML, like Gecko) Chrome/101.0.4951.54 Safari/537.36"
::1 - - [12/May/2022:07:12:14 +0000] "GET /item/detail?itemid=34 HTTP/1.1" 200 205 "http://localhost:9000/" "Mozilla/5.0 (Windows NT 10.0; Win64; x64) AppleWebKit/537.36 (KHTML, like Gecko) Chrome/101.0.4951.54 Safari/537.36"
::1 - - [12/May/2022:07:12:14 +0000] "GET /img/carrot1652339219116.jpg HTTP/1.1" 200 16223 "http://localhost:9000/" "Mozilla/5.0 (Windows NT 10.0; Win64; x64) AppleWebKit/537.36 (KHTML, like Gecko) Chrome/101.0.4951.54 Safari/537.36"
::1 - - [12/May/2022:07:12:16 +0000] "GET /item/list?pageno=1&count=5 HTTP/1.1" 304 - "http://localhost:9000/" "Mozilla/5.0 (Windows NT 10.0; Win64; x64) AppleWebKit/537.36 (KHTML, like Gecko) Chrome/101.0.4951.54 Safari/537.36"
::1 - - [12/May/2022:07:12:19 +0000] "GET /item/list?pageno=1&count=5 HTTP/1.1" 304 - "http://localhost:9000/" "Mozilla/5.0 (Windows NT 10.0; Win64; x64) AppleWebKit/537.36 (KHTML, like Gecko) Chrome/101.0.4951.54 Safari/537.36"
::1 - - [12/May/2022:07:12:20 +0000] "GET /item/all HTTP/1.1" 304 - "http://localhost:9000/" "Mozilla/5.0 (Windows NT 10.0; Win64; x64) AppleWebKit/537.36 (KHTML, like Gecko) Chrome/101.0.4951.54 Safari/537.36"
::1 - - [12/May/2022:07:12:21 +0000] "GET /item/detail?itemid=35 HTTP/1.1" 200 184 "http://localhost:9000/" "Mozilla/5.0 (Windows NT 10.0; Win64; x64) AppleWebKit/537.36 (KHTML, like Gecko) Chrome/101.0.4951.54 Safari/537.36"
::1 - - [12/May/2022:07:12:21 +0000] "GET /img/gold1652327141520.jpg HTTP/1.1" 200 9038 "http://localhost:9000/" "Mozilla/5.0 (Windows NT 10.0; Win64; x64) AppleWebKit/537.36 (KHTML, like Gecko) Chrome/101.0.4951.54 Safari/537.36"
::1 - - [12/May/2022:07:12:24 +0000] "GET /item/insert HTTP/1.1" 200 - "http://localhost:9000/" "Mozilla/5.0 (Windows NT 10.0; Win64; x64) AppleWebKit/537.36 (KHTML, like Gecko) Chrome/101.0.4951.54 Safari/537.36"
::1 - - [12/May/2022:07:12:54 +0000] "POST /item/insert HTTP/1.1" 200 15 "http://localhost:9000/" "Mozilla/5.0 (Windows NT 10.0; Win64; x64) AppleWebKit/537.36 (KHTML, like Gecko) Chrome/101.0.4951.54 Safari/537.36"
::1 - - [12/May/2022:07:12:55 +0000] "GET /item/list?pageno=1&count=5 HTTP/1.1" 200 783 "http://localhost:9000/" "Mozilla/5.0 (Windows NT 10.0; Win64; x64) AppleWebKit/537.36 (KHTML, like Gecko) Chrome/101.0.4951.54 Safari/537.36"
::1 - - [12/May/2022:07:12:57 +0000] "GET /item/all HTTP/1.1" 200 - "http://localhost:9000/" "Mozilla/5.0 (Windows NT 10.0; Win64; x64) AppleWebKit/537.36 (KHTML, like Gecko) Chrome/101.0.4951.54 Safari/537.36"
::1 - - [12/May/2022:07:12:58 +0000] "GET /item/detail?itemid=36 HTTP/1.1" 200 176 "http://localhost:9000/" "Mozilla/5.0 (Windows NT 10.0; Win64; x64) AppleWebKit/537.36 (KHTML, like Gecko) Chrome/101.0.4951.54 Safari/537.36"
::1 - - [12/May/2022:07:12:59 +0000] "GET /img/carrot1652339574965.jpg HTTP/1.1" 200 16223 "http://localhost:9000/" "Mozilla/5.0 (Windows NT 10.0; Win64; x64) AppleWebKit/537.36 (KHTML, like Gecko) Chrome/101.0.4951.54 Safari/537.36"
::1 - - [12/May/2022:07:13:02 +0000] "GET /item/update HTTP/1.1" 200 - "http://localhost:9000/" "Mozilla/5.0 (Windows NT 10.0; Win64; x64) AppleWebKit/537.36 (KHTML, like Gecko) Chrome/101.0.4951.54 Safari/537.36"
::1 - - [12/May/2022:07:21:10 +0000] "GET / HTTP/1.1" 200 - "-" "Mozilla/5.0 (Windows NT 10.0; Win64; x64) AppleWebKit/537.36 (KHTML, like Gecko) Chrome/101.0.4951.54 Safari/537.36"
::1 - - [12/May/2022:07:21:10 +0000] "GET /css/common.css HTTP/1.1" 304 - "http://localhost:9000/" "Mozilla/5.0 (Windows NT 10.0; Win64; x64) AppleWebKit/537.36 (KHTML, like Gecko) Chrome/101.0.4951.54 Safari/537.36"
::1 - - [12/May/2022:07:21:12 +0000] "GET /item/all HTTP/1.1" 200 - "http://localhost:9000/" "Mozilla/5.0 (Windows NT 10.0; Win64; x64) AppleWebKit/537.36 (KHTML, like Gecko) Chrome/101.0.4951.54 Safari/537.36"
::1 - - [12/May/2022:07:21:15 +0000] "GET /item/detail?itemid=36 HTTP/1.1" 304 - "http://localhost:9000/" "Mozilla/5.0 (Windows NT 10.0; Win64; x64) AppleWebKit/537.36 (KHTML, like Gecko) Chrome/101.0.4951.54 Safari/537.36"
::1 - - [12/May/2022:07:21:15 +0000] "GET /img/carrot1652339574965.jpg HTTP/1.1" 304 - "http://localhost:9000/" "Mozilla/5.0 (Windows NT 10.0; Win64; x64) AppleWebKit/537.36 (KHTML, like Gecko) Chrome/101.0.4951.54 Safari/537.36"
::1 - - [12/May/2022:07:21:17 +0000] "GET /item/update HTTP/1.1" 200 - "http://localhost:9000/" "Mozilla/5.0 (Windows NT 10.0; Win64; x64) AppleWebKit/537.36 (KHTML, like Gecko) Chrome/101.0.4951.54 Safari/537.36"
::1 - - [12/May/2022:07:26:03 +0000] "GET /item/all HTTP/1.1" 304 - "http://localhost:9000/" "Mozilla/5.0 (Windows NT 10.0; Win64; x64) AppleWebKit/537.36 (KHTML, like Gecko) Chrome/101.0.4951.54 Safari/537.36"
::1 - - [12/May/2022:07:26:04 +0000] "GET /item/detail?itemid=36 HTTP/1.1" 304 - "http://localhost:9000/" "Mozilla/5.0 (Windows NT 10.0; Win64; x64) AppleWebKit/537.36 (KHTML, like Gecko) Chrome/101.0.4951.54 Safari/537.36"
::1 - - [12/May/2022:07:26:06 +0000] "GET /item/update HTTP/1.1" 200 - "http://localhost:9000/" "Mozilla/5.0 (Windows NT 10.0; Win64; x64) AppleWebKit/537.36 (KHTML, like Gecko) Chrome/101.0.4951.54 Safari/537.36"
::1 - - [12/May/2022:07:31:18 +0000] "GET /item/all HTTP/1.1" 200 - "http://localhost:9000/" "Mozilla/5.0 (Windows NT 10.0; Win64; x64) AppleWebKit/537.36 (KHTML, like Gecko) Chrome/101.0.4951.54 Safari/537.36"
::1 - - [12/May/2022:07:31:18 +0000] "GET / HTTP/1.1" 200 - "-" "Mozilla/5.0 (Windows NT 10.0; Win64; x64) AppleWebKit/537.36 (KHTML, like Gecko) Chrome/101.0.4951.54 Safari/537.36"
::1 - - [12/May/2022:07:31:19 +0000] "GET /css/common.css HTTP/1.1" 200 178 "http://localhost:9000/" "Mozilla/5.0 (Windows NT 10.0; Win64; x64) AppleWebKit/537.36 (KHTML, like Gecko) Chrome/101.0.4951.54 Safari/537.36"
::1 - - [12/May/2022:07:31:19 +0000] "GET / HTTP/1.1" 200 - "-" "Mozilla/5.0 (Windows NT 10.0; Win64; x64) AppleWebKit/537.36 (KHTML, like Gecko) Chrome/101.0.4951.54 Safari/537.36"
::1 - - [12/May/2022:07:31:19 +0000] "GET /css/common.css HTTP/1.1" 200 178 "http://localhost:9000/" "Mozilla/5.0 (Windows NT 10.0; Win64; x64) AppleWebKit/537.36 (KHTML, like Gecko) Chrome/101.0.4951.54 Safari/537.36"
::1 - - [12/May/2022:07:31:19 +0000] "GET / HTTP/1.1" 200 - "-" "Mozilla/5.0 (Windows NT 10.0; Win64; x64) AppleWebKit/537.36 (KHTML, like Gecko) Chrome/101.0.4951.54 Safari/537.36"
::1 - - [12/May/2022:07:31:19 +0000] "GET /css/common.css HTTP/1.1" 200 178 "http://localhost:9000/" "Mozilla/5.0 (Windows NT 10.0; Win64; x64) AppleWebKit/537.36 (KHTML, like Gecko) Chrome/101.0.4951.54 Safari/537.36"
::1 - - [12/May/2022:07:31:21 +0000] "GET /item/all HTTP/1.1" 200 - "http://localhost:9000/" "Mozilla/5.0 (Windows NT 10.0; Win64; x64) AppleWebKit/537.36 (KHTML, like Gecko) Chrome/101.0.4951.54 Safari/537.36"
::1 - - [12/May/2022:07:31:22 +0000] "GET /item/detail?itemid=36 HTTP/1.1" 200 176 "http://localhost:9000/" "Mozilla/5.0 (Windows NT 10.0; Win64; x64) AppleWebKit/537.36 (KHTML, like Gecko) Chrome/101.0.4951.54 Safari/537.36"
::1 - - [12/May/2022:07:31:22 +0000] "GET /img/carrot1652339574965.jpg HTTP/1.1" 200 16223 "http://localhost:9000/" "Mozilla/5.0 (Windows NT 10.0; Win64; x64) AppleWebKit/537.36 (KHTML, like Gecko) Chrome/101.0.4951.54 Safari/537.36"
::1 - - [12/May/2022:07:31:25 +0000] "GET /item/update HTTP/1.1" 200 - "http://localhost:9000/" "Mozilla/5.0 (Windows NT 10.0; Win64; x64) AppleWebKit/537.36 (KHTML, like Gecko) Chrome/101.0.4951.54 Safari/537.36"
::1 - - [12/May/2022:07:31:30 +0000] "POST /item/update HTTP/1.1" 200 15 "http://localhost:9000/" "Mozilla/5.0 (Windows NT 10.0; Win64; x64) AppleWebKit/537.36 (KHTML, like Gecko) Chrome/101.0.4951.54 Safari/537.36"
::1 - - [12/May/2022:07:31:31 +0000] "GET /item/list?pageno=1&count=5 HTTP/1.1" 304 - "http://localhost:9000/" "Mozilla/5.0 (Windows NT 10.0; Win64; x64) AppleWebKit/537.36 (KHTML, like Gecko) Chrome/101.0.4951.54 Safari/537.36"
::1 - - [12/May/2022:07:56:13 +0000] "GET / HTTP/1.1" 200 - "-" "Mozilla/5.0 (Windows NT 10.0; Win64; x64) AppleWebKit/537.36 (KHTML, like Gecko) Chrome/101.0.4951.54 Safari/537.36"
::1 - - [12/May/2022:07:56:14 +0000] "GET /css/common.css HTTP/1.1" 200 178 "http://localhost:9000/" "Mozilla/5.0 (Windows NT 10.0; Win64; x64) AppleWebKit/537.36 (KHTML, like Gecko) Chrome/101.0.4951.54 Safari/537.36"
::1 - - [12/May/2022:07:56:25 +0000] "GET /img/fig.jpg HTTP/1.1" 200 5125 "-" "Mozilla/5.0 (Windows NT 10.0; Win64; x64) AppleWebKit/537.36 (KHTML, like Gecko) Chrome/101.0.4951.54 Safari/537.36"
::1 - - [12/May/2022:08:04:35 +0000] "GET /item/all HTTP/1.1" 200 - "http://localhost:9000/" "Mozilla/5.0 (Windows NT 10.0; Win64; x64) AppleWebKit/537.36 (KHTML, like Gecko) Chrome/101.0.4951.54 Safari/537.36"
::1 - - [12/May/2022:08:04:36 +0000] "GET /item/detail?itemid=36 HTTP/1.1" 200 176 "http://localhost:9000/" "Mozilla/5.0 (Windows NT 10.0; Win64; x64) AppleWebKit/537.36 (KHTML, like Gecko) Chrome/101.0.4951.54 Safari/537.36"
::1 - - [12/May/2022:08:04:36 +0000] "GET /img/carrot1652339574965.jpg HTTP/1.1" 200 16223 "http://localhost:9000/" "Mozilla/5.0 (Windows NT 10.0; Win64; x64) AppleWebKit/537.36 (KHTML, like Gecko) Chrome/101.0.4951.54 Safari/537.36"
::1 - - [12/May/2022:08:04:37 +0000] "GET /item/list?pageno=1&count=5 HTTP/1.1" 304 - "http://localhost:9000/" "Mozilla/5.0 (Windows NT 10.0; Win64; x64) AppleWebKit/537.36 (KHTML, like Gecko) Chrome/101.0.4951.54 Safari/537.36"
::1 - - [12/May/2022:08:04:38 +0000] "GET /item/detail?itemid=2 HTTP/1.1" 200 171 "http://localhost:9000/" "Mozilla/5.0 (Windows NT 10.0; Win64; x64) AppleWebKit/537.36 (KHTML, like Gecko) Chrome/101.0.4951.54 Safari/537.36"
::1 - - [12/May/2022:08:04:38 +0000] "GET /img/orange.jpg HTTP/1.1" 200 64223 "http://localhost:9000/" "Mozilla/5.0 (Windows NT 10.0; Win64; x64) AppleWebKit/537.36 (KHTML, like Gecko) Chrome/101.0.4951.54 Safari/537.36"
::1 - - [12/May/2022:08:04:41 +0000] "GET /css/common.css HTTP/1.1" 304 - "http://localhost:9000/" "Mozilla/5.0 (Windows NT 10.0; Win64; x64) AppleWebKit/537.36 (KHTML, like Gecko) Chrome/101.0.4951.54 Safari/537.36"
::1 - - [12/May/2022:08:04:43 +0000] "GET /item/all HTTP/1.1" 200 - "http://localhost:9000/" "Mozilla/5.0 (Windows NT 10.0; Win64; x64) AppleWebKit/537.36 (KHTML, like Gecko) Chrome/101.0.4951.54 Safari/537.36"
::1 - - [12/May/2022:08:04:44 +0000] "GET /item/all HTTP/1.1" 200 - "http://localhost:9000/" "Mozilla/5.0 (Windows NT 10.0; Win64; x64) AppleWebKit/537.36 (KHTML, like Gecko) Chrome/101.0.4951.54 Safari/537.36"
::1 - - [12/May/2022:08:04:44 +0000] "GET / HTTP/1.1" 200 - "-" "Mozilla/5.0 (Windows NT 10.0; Win64; x64) AppleWebKit/537.36 (KHTML, like Gecko) Chrome/101.0.4951.54 Safari/537.36"
::1 - - [12/May/2022:08:04:44 +0000] "GET /css/common.css HTTP/1.1" 200 178 "http://localhost:9000/" "Mozilla/5.0 (Windows NT 10.0; Win64; x64) AppleWebKit/537.36 (KHTML, like Gecko) Chrome/101.0.4951.54 Safari/537.36"
::1 - - [12/May/2022:08:04:45 +0000] "GET / HTTP/1.1" 200 - "-" "Mozilla/5.0 (Windows NT 10.0; Win64; x64) AppleWebKit/537.36 (KHTML, like Gecko) Chrome/101.0.4951.54 Safari/537.36"
::1 - - [12/May/2022:08:04:45 +0000] "GET /css/common.css HTTP/1.1" 200 178 "http://localhost:9000/" "Mozilla/5.0 (Windows NT 10.0; Win64; x64) AppleWebKit/537.36 (KHTML, like Gecko) Chrome/101.0.4951.54 Safari/537.36"
::1 - - [12/May/2022:08:04:45 +0000] "GET /item/all HTTP/1.1" 200 - "http://localhost:9000/" "Mozilla/5.0 (Windows NT 10.0; Win64; x64) AppleWebKit/537.36 (KHTML, like Gecko) Chrome/101.0.4951.54 Safari/537.36"
::1 - - [12/May/2022:08:04:46 +0000] "GET /item/detail?itemid=34 HTTP/1.1" 200 205 "http://localhost:9000/" "Mozilla/5.0 (Windows NT 10.0; Win64; x64) AppleWebKit/537.36 (KHTML, like Gecko) Chrome/101.0.4951.54 Safari/537.36"
::1 - - [12/May/2022:08:04:46 +0000] "GET /img/carrot1652339219116.jpg HTTP/1.1" 200 16223 "http://localhost:9000/" "Mozilla/5.0 (Windows NT 10.0; Win64; x64) AppleWebKit/537.36 (KHTML, like Gecko) Chrome/101.0.4951.54 Safari/537.36"
::1 - - [12/May/2022:08:04:46 +0000] "GET /img/carrot1652339219116.jpg HTTP/1.1" 200 16223 "http://localhost:9000/" "Mozilla/5.0 (Windows NT 10.0; Win64; x64) AppleWebKit/537.36 (KHTML, like Gecko) Chrome/101.0.4951.54 Safari/537.36"
::1 - - [12/May/2022:08:04:59 +0000] "GET /item/list?pageno=1&count=5 HTTP/1.1" 304 - "http://localhost:9000/" "Mozilla/5.0 (Windows NT 10.0; Win64; x64) AppleWebKit/537.36 (KHTML, like Gecko) Chrome/101.0.4951.54 Safari/537.36"
::1 - - [12/May/2022:08:05:00 +0000] "GET /item/list?pageno=2&count=5 HTTP/1.1" 200 815 "http://localhost:9000/" "Mozilla/5.0 (Windows NT 10.0; Win64; x64) AppleWebKit/537.36 (KHTML, like Gecko) Chrome/101.0.4951.54 Safari/537.36"
::1 - - [12/May/2022:08:05:02 +0000] "GET /item/detail?itemid=10 HTTP/1.1" 200 200 "http://localhost:9000/" "Mozilla/5.0 (Windows NT 10.0; Win64; x64) AppleWebKit/537.36 (KHTML, like Gecko) Chrome/101.0.4951.54 Safari/537.36"
::1 - - [12/May/2022:08:05:02 +0000] "GET /img/grape.jpg HTTP/1.1" 200 36844 "http://localhost:9000/" "Mozilla/5.0 (Windows NT 10.0; Win64; x64) AppleWebKit/537.36 (KHTML, like Gecko) Chrome/101.0.4951.54 Safari/537.36"
::1 - - [12/May/2022:08:05:02 +0000] "GET /img/grape.jpg HTTP/1.1" 304 - "http://localhost:9000/" "Mozilla/5.0 (Windows NT 10.0; Win64; x64) AppleWebKit/537.36 (KHTML, like Gecko) Chrome/101.0.4951.54 Safari/537.36"
